#
# A fatal error has been detected by the Java Runtime Environment:
#
#  SIGSEGV (0xb) at pc=0x00007fff8ad90fcf, pid=25055, tid=1811
#
# JRE version: Java(TM) SE Runtime Environment (8.0_25-b17) (build 1.8.0_25-b17)
# Java VM: Java HotSpot(TM) 64-Bit Server VM (25.25-b02 mixed mode bsd-amd64 compressed oops)
# Problematic frame:
# C  [libsystem_platform.dylib+0xfcf]  OSSpinLockLock+0x7
#
# Failed to write core dump. Core dumps have been disabled. To enable core dumping, try "ulimit -c unlimited" before starting Java again
#
# If you would like to submit a bug report, please visit:
#   http://bugreport.sun.com/bugreport/crash.jsp
# The crash happened outside the Java Virtual Machine in native code.
# See problematic frame for where to report the bug.
#

---------------  T H R E A D  ---------------

Current thread (0x00007ff9d1165000):  JavaThread "JavaFX Application Thread" [_thread_in_native, id=1811, stack(0x00007fff521b2000,0x00007fff529b2000)]

siginfo: si_signo: 11 (SIGSEGV), si_code: 1 (SEGV_MAPERR), si_addr: 0x000000000000000c

Registers:
RAX=0x0000000000000000, RBX=0x0000000000000000, RCX=0x00000000ffffffff, RDX=0x0000000000000000
RSP=0x00007fff529aba78, RBP=0x00007fff529abaa0, RSI=0x00007ff9d0c52280, RDI=0x000000000000000c
R8 =0x000000000000040b, R9 =0x0000000000000000, R10=0x0000000000000034, R11=0x0000000000000206
R12=0x00007ff9d0ebad30, R13=0x0000000000000000, R14=0x000000000000000c, R15=0x00007ff9d0c52280
RIP=0x00007fff8ad90fcf, EFLAGS=0x0000000000010246, ERR=0x0000000000000006
  TRAPNO=0x000000000000000e

Top of Stack: (sp=0x00007fff529aba78)
0x00007fff529aba78:   00007fff88be9a44 00007ff9d0c52280
0x00007fff529aba88:   00007ff9d0ebad30 00007ff9d0ebae88
0x00007fff529aba98:   0000000080000802 00007fff529abac0
0x00007fff529abaa8:   00007fff887175c8 0000000000000000
0x00007fff529abab8:   00007ff9d0ebae90 00007fff529abd00
0x00007fff529abac8:   00007fff93358717 0000000000000000
0x00007fff529abad8:   0000000000000000 412b77a800000000
0x00007fff529abae8:   4052800000000000 00007fff529ac130
0x00007fff529abaf8:   00007fff864963da 409a400000000000
0x00007fff529abb08:   0000003000001200 0000040b00000000
0x00007fff529abb18:   3202559e88c1cc3e 0000000000000000
0x00007fff529abb28:   00007ff9d0ebadd8 00000000016e9520
0x00007fff529abb38:   4000000000000000 00007ff9d0ebad40
0x00007fff529abb48:   0000805400000000 40d0000080000802
0x00007fff529abb58:   00022c7b00000000 0000000008000100
0x00007fff529abb68:   00007fff8c86de68 000000000000000a
0x00007fff529abb78:   0000000000000000 00007fff529abbfc
0x00007fff529abb88:   00007fff529abc00 00007fff529abc04
0x00007fff529abb98:   00007ff9d0c0e350 0428080000000001
0x00007fff529abba8:   4000000000000000 0000000000000000
0x00007fff529abbb8:   0000000000000000 413b77a800000000
0x00007fff529abbc8:   4062800000000000 0000000000000000
0x00007fff529abbd8:   0000000000000000 412b77a800000000
0x00007fff529abbe8:   4052800000000000 0000000000000000
0x00007fff529abbf8:   0000000000000000 0000000000000000
0x00007fff529abc08:   0000000000000000 412b77a800000000
0x00007fff529abc18:   00007ff9d3539c50 0000000000000000
0x00007fff529abc28:   0000000000000000 412b77a800000000
0x00007fff529abc38:   4052800000000000 0000000000000000
0x00007fff529abc48:   00000001529abe40 00007fff04280800
0x00007fff529abc58:   00007fff8f493c29 0000000000000000
0x00007fff529abc68:   0000000000000000 00007fff75bec390 

Instructions: (pc=0x00007fff8ad90fcf)
0x00007fff8ad90faf:   8b 43 20 48 85 c0 74 0a 48 8b 00 48 89 05 d7 44
0x00007fff8ad90fbf:   da ea 48 83 c4 08 5b 5d c3 b9 ff ff ff ff 31 c0
0x00007fff8ad90fcf:   f0 0f b1 0f 85 c0 74 05 e9 12 28 00 00 c3 31 c0
0x00007fff8ad90fdf:   89 07 c3 90 90 90 90 90 90 90 90 90 90 90 90 90 

Register to memory mapping:

RAX=0x0000000000000000 is an unknown value
RBX=0x0000000000000000 is an unknown value
RCX=0x00000000ffffffff is an unknown value
RDX=0x0000000000000000 is an unknown value
RSP=0x00007fff529aba78 is pointing into the stack for thread: 0x00007ff9d1165000
RBP=0x00007fff529abaa0 is pointing into the stack for thread: 0x00007ff9d1165000
RSI=0x00007ff9d0c52280 is an unknown value
RDI=0x000000000000000c is an unknown value
R8 =0x000000000000040b is an unknown value
R9 =0x0000000000000000 is an unknown value
R10=0x0000000000000034 is an unknown value
R11=0x0000000000000206 is an unknown value
R12=0x00007ff9d0ebad30 is an unknown value
R13=0x0000000000000000 is an unknown value
R14=0x000000000000000c is an unknown value
R15=0x00007ff9d0c52280 is an unknown value


Stack: [0x00007fff521b2000,0x00007fff529b2000],  sp=0x00007fff529aba78,  free space=8166k
Native frames: (J=compiled Java code, j=interpreted, Vv=VM code, C=native code)
C  [libsystem_platform.dylib+0xfcf]  OSSpinLockLock+0x7
C  [CoreGraphics+0xc5c8]  CGSSetWindowColorSpace+0x1b
C  [QuartzCore+0xf717]  CAViewUpdate+0xe9f
C  [AppKit+0x111d92]  -[NSView(NSInternal) _updateLayerTreeRenderer]+0x77b
C  [AppKit+0x11cd31]  -[NSSurface _windowDidChangeScreens:]+0x3a
C  [CoreFoundation+0x11ecbc]  __CFNOTIFICATIONCENTER_IS_CALLING_OUT_TO_AN_OBSERVER__+0xc
C  [CoreFoundation+0x101b4]  _CFXNotificationPost+0xc44
C  [Foundation+0x2ea1]  -[NSNotificationCenter postNotificationName:object:userInfo:]+0x42
C  [AppKit+0x11c9b5]  NSPerformWithScreenUpdatesDisabled+0x41
C  [AppKit+0x11c962]  -[NSWindow _updateSettingsSendingScreenChangeNotificationIfNeeded:]+0x16e
C  [AppKit+0x115b24]  -[NSWindow _setFrame:updateBorderViewSize:]+0x44b
C  [AppKit+0x115183]  -[NSWindow _oldPlaceWindow:]+0x45e
C  [AppKit+0x11469a]  -[NSWindow _setFrameCommon:display:stashSize:]+0x9df
C  [AppKit+0x113605]  -[NSWindow setFrame:display:animate:]+0x93
C  [libglass.dylib+0x23315]  -[GlassWindow(Java) _setFlipFrame:display:animate:]+0xa5
C  [libglass.dylib+0x22f04]  -[GlassWindow(Java) _setWindowFrameWithRect:withDisplay:withAnimate:]+0x84
C  [libglass.dylib+0x23130]  -[GlassWindow(Java) _setBounds:y:xSet:ySet:w:h:cw:ch:]+0x220
C  [libglass.dylib+0x268cd]  Java_com_sun_glass_ui_mac_MacWindow__1setBounds+0x1ad
j  com.sun.glass.ui.mac.MacWindow._setBounds(JIIZZIIIIFF)V+0
j  com.sun.glass.ui.Window.setBounds(IIZZIIIIFF)V+29
j  com.sun.javafx.tk.quantum.WindowStage.setBounds(FFZZFFFFFF)V+39
j  javafx.stage.Window$TKBoundsConfigurator.apply()V+110
j  javafx.stage.Window.applyBounds()V+4
j  javafx.stage.Window$9.invalidated()V+377
j  javafx.beans.property.BooleanPropertyBase.markInvalid()V+13
j  javafx.beans.property.BooleanPropertyBase.set(Z)V+31
j  javafx.stage.Window.setShowing(Z)V+11
j  javafx.stage.Window.show()V+2
j  javafx.stage.PopupWindow.showImpl(Ljavafx/stage/Window;)V+105
j  javafx.stage.PopupWindow.show(Ljavafx/scene/Node;DD)V+89
j  javafx.scene.control.ContextMenu.doShow(Ljavafx/scene/Node;DD)V+74
j  javafx.scene.control.ContextMenu.show(Ljavafx/scene/Node;Ljavafx/geometry/Side;DD)V+131
j  com.sun.javafx.scene.control.skin.ToolBarSkin$ToolBarOverflowMenu.fire()V+62
j  com.sun.javafx.scene.control.skin.ToolBarSkin$ToolBarOverflowMenu.lambda$new$494(Ljavafx/scene/input/MouseEvent;)V+1
j  com.sun.javafx.scene.control.skin.ToolBarSkin$ToolBarOverflowMenu$$Lambda$96.handle(Ljavafx/event/Event;)V+8
j  com.sun.javafx.event.CompositeEventHandler.dispatchBubblingEvent(Ljavafx/event/Event;)V+51
J 1186 C1 com.sun.javafx.event.EventHandlerManager.dispatchBubblingEvent(Ljavafx/event/EventType;Ljavafx/event/Event;)Ljavafx/event/Event; (34 bytes) @ 0x000000010f01d2e4 [0x000000010f01cd80+0x564]
j  com.sun.javafx.event.EventHandlerManager.dispatchBubblingEvent(Ljavafx/event/Event;)Ljavafx/event/Event;+8
j  com.sun.javafx.event.CompositeEventDispatcher.dispatchBubblingEvent(Ljavafx/event/Event;)Ljavafx/event/Event;+11
J 1256 C1 com.sun.javafx.event.BasicEventDispatcher.dispatchEvent(Ljavafx/event/Event;Ljavafx/event/EventDispatchChain;)Ljavafx/event/Event; (44 bytes) @ 0x000000010f0445b4 [0x000000010f044280+0x334]
J 1194 C1 com.sun.javafx.event.EventDispatchChainImpl.dispatchEvent(Ljavafx/event/Event;)Ljavafx/event/Event; (101 bytes) @ 0x000000010f01f5d4 [0x000000010f01f420+0x1b4]
J 1256 C1 com.sun.javafx.event.BasicEventDispatcher.dispatchEvent(Ljavafx/event/Event;Ljavafx/event/EventDispatchChain;)Ljavafx/event/Event; (44 bytes) @ 0x000000010f0444cc [0x000000010f044280+0x24c]
J 1194 C1 com.sun.javafx.event.EventDispatchChainImpl.dispatchEvent(Ljavafx/event/Event;)Ljavafx/event/Event; (101 bytes) @ 0x000000010f01f5d4 [0x000000010f01f420+0x1b4]
J 1256 C1 com.sun.javafx.event.BasicEventDispatcher.dispatchEvent(Ljavafx/event/Event;Ljavafx/event/EventDispatchChain;)Ljavafx/event/Event; (44 bytes) @ 0x000000010f0444cc [0x000000010f044280+0x24c]
J 1194 C1 com.sun.javafx.event.EventDispatchChainImpl.dispatchEvent(Ljavafx/event/Event;)Ljavafx/event/Event; (101 bytes) @ 0x000000010f01f5d4 [0x000000010f01f420+0x1b4]
J 1256 C1 com.sun.javafx.event.BasicEventDispatcher.dispatchEvent(Ljavafx/event/Event;Ljavafx/event/EventDispatchChain;)Ljavafx/event/Event; (44 bytes) @ 0x000000010f0444cc [0x000000010f044280+0x24c]
J 1194 C1 com.sun.javafx.event.EventDispatchChainImpl.dispatchEvent(Ljavafx/event/Event;)Ljavafx/event/Event; (101 bytes) @ 0x000000010f01f5d4 [0x000000010f01f420+0x1b4]
J 1256 C1 com.sun.javafx.event.BasicEventDispatcher.dispatchEvent(Ljavafx/event/Event;Ljavafx/event/EventDispatchChain;)Ljavafx/event/Event; (44 bytes) @ 0x000000010f0444cc [0x000000010f044280+0x24c]
J 1194 C1 com.sun.javafx.event.EventDispatchChainImpl.dispatchEvent(Ljavafx/event/Event;)Ljavafx/event/Event; (101 bytes) @ 0x000000010f01f5d4 [0x000000010f01f420+0x1b4]
j  com.sun.javafx.event.EventUtil.fireEventImpl(Ljavafx/event/EventDispatchChain;Ljavafx/event/EventTarget;Ljavafx/event/Event;)Ljavafx/event/Event;+10
j  com.sun.javafx.event.EventUtil.fireEvent(Ljavafx/event/EventTarget;Ljavafx/event/Event;)Ljavafx/event/Event;+46
j  javafx.event.Event.fireEvent(Ljavafx/event/EventTarget;Ljavafx/event/Event;)V+30
j  javafx.scene.Scene$MouseHandler.process(Ljavafx/scene/input/MouseEvent;Z)V+491
j  javafx.scene.Scene$MouseHandler.access$1500(Ljavafx/scene/Scene$MouseHandler;Ljavafx/scene/input/MouseEvent;Z)V+3
j  javafx.scene.Scene.impl_processMouseEvent(Ljavafx/scene/input/MouseEvent;)V+6
j  javafx.scene.Scene$ScenePeerListener.mouseEvent(Ljavafx/event/EventType;DDDDLjavafx/scene/input/MouseButton;ZZZZZZZZZ)V+46
j  com.sun.javafx.tk.quantum.GlassViewEventHandler$MouseEventNotification.run()Ljava/lang/Void;+438
j  com.sun.javafx.tk.quantum.GlassViewEventHandler$MouseEventNotification.run()Ljava/lang/Object;+1
v  ~StubRoutines::call_stub
V  [libjvm.dylib+0x2d4516]  JavaCalls::call_helper(JavaValue*, methodHandle*, JavaCallArguments*, Thread*)+0x6ae
V  [libjvm.dylib+0x32aeb2]  JVM_DoPrivileged+0x4b8
J 1197  java.security.AccessController.doPrivileged(Ljava/security/PrivilegedAction;Ljava/security/AccessControlContext;)Ljava/lang/Object; (0 bytes) @ 0x000000010f020495 [0x000000010f0203c0+0xd5]
j  com.sun.javafx.tk.quantum.GlassViewEventHandler.handleMouseEvent(Lcom/sun/glass/ui/View;JIIIIIIIZZ)V+108
j  com.sun.glass.ui.View.handleMouseEvent(JIIIIIIIZZ)V+30
j  com.sun.glass.ui.View.notifyMouse(IIIIIIIZZ)V+181
v  ~StubRoutines::call_stub
V  [libjvm.dylib+0x2d4516]  JavaCalls::call_helper(JavaValue*, methodHandle*, JavaCallArguments*, Thread*)+0x6ae
V  [libjvm.dylib+0x30993b]  jni_invoke_nonstatic(JNIEnv_*, JavaValue*, _jobject*, JNICallType, _jmethodID*, JNI_ArgumentPusher*, Thread*)+0x305
V  [libjvm.dylib+0x2fc576]  jni_CallVoidMethod+0x16b
C  [libglass.dylib+0x216db]  -[GlassViewDelegate sendJavaMouseEvent:]+0x81b
C  [AppKit+0x74ef4f]  -[NSWindow _reallySendEvent:]+0x321b
C  [AppKit+0x1d950c]  -[NSWindow sendEvent:]+0x170
C  [libglass.dylib+0x241e5]  -[GlassWindow_Normal sendEvent:]+0x75
C  [AppKit+0x18b096]  -[NSApplication sendEvent:]+0x8be
C  [AppKit+0x17e98]  -[NSApplication run]+0x2c7
C  [libglass.dylib+0x6757]  -[GlassApplication runLoop:]+0x6f7
C  [Foundation+0x65f4c]  __NSThreadPerformPerform+0x125
C  [CoreFoundation+0x80661]  __CFRUNLOOP_IS_CALLING_OUT_TO_A_SOURCE0_PERFORM_FUNCTION__+0x11
C  [CoreFoundation+0x727ed]  __CFRunLoopDoSources0+0x10d
C  [CoreFoundation+0x71e1f]  __CFRunLoopRun+0x39f
C  [CoreFoundation+0x71838]  CFRunLoopRunSpecific+0x128
C  [java+0x56cc]  CreateExecutionEnvironment+0x367
C  [java+0x165c]  JLI_Launch+0x7a0
C  [java+0x768a]  main+0x65
C  [java+0xeb4]  start+0x34
C  0x0000000000000005

Java frames: (J=compiled Java code, j=interpreted, Vv=VM code)
j  com.sun.glass.ui.mac.MacWindow._setBounds(JIIZZIIIIFF)V+0
j  com.sun.glass.ui.Window.setBounds(IIZZIIIIFF)V+29
j  com.sun.javafx.tk.quantum.WindowStage.setBounds(FFZZFFFFFF)V+39
j  javafx.stage.Window$TKBoundsConfigurator.apply()V+110
j  javafx.stage.Window.applyBounds()V+4
j  javafx.stage.Window$9.invalidated()V+377
j  javafx.beans.property.BooleanPropertyBase.markInvalid()V+13
j  javafx.beans.property.BooleanPropertyBase.set(Z)V+31
j  javafx.stage.Window.setShowing(Z)V+11
j  javafx.stage.Window.show()V+2
j  javafx.stage.PopupWindow.showImpl(Ljavafx/stage/Window;)V+105
j  javafx.stage.PopupWindow.show(Ljavafx/scene/Node;DD)V+89
j  javafx.scene.control.ContextMenu.doShow(Ljavafx/scene/Node;DD)V+74
j  javafx.scene.control.ContextMenu.show(Ljavafx/scene/Node;Ljavafx/geometry/Side;DD)V+131
j  com.sun.javafx.scene.control.skin.ToolBarSkin$ToolBarOverflowMenu.fire()V+62
j  com.sun.javafx.scene.control.skin.ToolBarSkin$ToolBarOverflowMenu.lambda$new$494(Ljavafx/scene/input/MouseEvent;)V+1
j  com.sun.javafx.scene.control.skin.ToolBarSkin$ToolBarOverflowMenu$$Lambda$96.handle(Ljavafx/event/Event;)V+8
j  com.sun.javafx.event.CompositeEventHandler.dispatchBubblingEvent(Ljavafx/event/Event;)V+51
J 1186 C1 com.sun.javafx.event.EventHandlerManager.dispatchBubblingEvent(Ljavafx/event/EventType;Ljavafx/event/Event;)Ljavafx/event/Event; (34 bytes) @ 0x000000010f01d2e4 [0x000000010f01cd80+0x564]
j  com.sun.javafx.event.EventHandlerManager.dispatchBubblingEvent(Ljavafx/event/Event;)Ljavafx/event/Event;+8
j  com.sun.javafx.event.CompositeEventDispatcher.dispatchBubblingEvent(Ljavafx/event/Event;)Ljavafx/event/Event;+11
J 1256 C1 com.sun.javafx.event.BasicEventDispatcher.dispatchEvent(Ljavafx/event/Event;Ljavafx/event/EventDispatchChain;)Ljavafx/event/Event; (44 bytes) @ 0x000000010f0445b4 [0x000000010f044280+0x334]
J 1194 C1 com.sun.javafx.event.EventDispatchChainImpl.dispatchEvent(Ljavafx/event/Event;)Ljavafx/event/Event; (101 bytes) @ 0x000000010f01f5d4 [0x000000010f01f420+0x1b4]
J 1256 C1 com.sun.javafx.event.BasicEventDispatcher.dispatchEvent(Ljavafx/event/Event;Ljavafx/event/EventDispatchChain;)Ljavafx/event/Event; (44 bytes) @ 0x000000010f0444cc [0x000000010f044280+0x24c]
J 1194 C1 com.sun.javafx.event.EventDispatchChainImpl.dispatchEvent(Ljavafx/event/Event;)Ljavafx/event/Event; (101 bytes) @ 0x000000010f01f5d4 [0x000000010f01f420+0x1b4]
J 1256 C1 com.sun.javafx.event.BasicEventDispatcher.dispatchEvent(Ljavafx/event/Event;Ljavafx/event/EventDispatchChain;)Ljavafx/event/Event; (44 bytes) @ 0x000000010f0444cc [0x000000010f044280+0x24c]
J 1194 C1 com.sun.javafx.event.EventDispatchChainImpl.dispatchEvent(Ljavafx/event/Event;)Ljavafx/event/Event; (101 bytes) @ 0x000000010f01f5d4 [0x000000010f01f420+0x1b4]
J 1256 C1 com.sun.javafx.event.BasicEventDispatcher.dispatchEvent(Ljavafx/event/Event;Ljavafx/event/EventDispatchChain;)Ljavafx/event/Event; (44 bytes) @ 0x000000010f0444cc [0x000000010f044280+0x24c]
J 1194 C1 com.sun.javafx.event.EventDispatchChainImpl.dispatchEvent(Ljavafx/event/Event;)Ljavafx/event/Event; (101 bytes) @ 0x000000010f01f5d4 [0x000000010f01f420+0x1b4]
J 1256 C1 com.sun.javafx.event.BasicEventDispatcher.dispatchEvent(Ljavafx/event/Event;Ljavafx/event/EventDispatchChain;)Ljavafx/event/Event; (44 bytes) @ 0x000000010f0444cc [0x000000010f044280+0x24c]
J 1194 C1 com.sun.javafx.event.EventDispatchChainImpl.dispatchEvent(Ljavafx/event/Event;)Ljavafx/event/Event; (101 bytes) @ 0x000000010f01f5d4 [0x000000010f01f420+0x1b4]
j  com.sun.javafx.event.EventUtil.fireEventImpl(Ljavafx/event/EventDispatchChain;Ljavafx/event/EventTarget;Ljavafx/event/Event;)Ljavafx/event/Event;+10
j  com.sun.javafx.event.EventUtil.fireEvent(Ljavafx/event/EventTarget;Ljavafx/event/Event;)Ljavafx/event/Event;+46
j  javafx.event.Event.fireEvent(Ljavafx/event/EventTarget;Ljavafx/event/Event;)V+30
j  javafx.scene.Scene$MouseHandler.process(Ljavafx/scene/input/MouseEvent;Z)V+491
j  javafx.scene.Scene$MouseHandler.access$1500(Ljavafx/scene/Scene$MouseHandler;Ljavafx/scene/input/MouseEvent;Z)V+3
j  javafx.scene.Scene.impl_processMouseEvent(Ljavafx/scene/input/MouseEvent;)V+6
j  javafx.scene.Scene$ScenePeerListener.mouseEvent(Ljavafx/event/EventType;DDDDLjavafx/scene/input/MouseButton;ZZZZZZZZZ)V+46
j  com.sun.javafx.tk.quantum.GlassViewEventHandler$MouseEventNotification.run()Ljava/lang/Void;+438
j  com.sun.javafx.tk.quantum.GlassViewEventHandler$MouseEventNotification.run()Ljava/lang/Object;+1
v  ~StubRoutines::call_stub
J 1197  java.security.AccessController.doPrivileged(Ljava/security/PrivilegedAction;Ljava/security/AccessControlContext;)Ljava/lang/Object; (0 bytes) @ 0x000000010f020423 [0x000000010f0203c0+0x63]
j  com.sun.javafx.tk.quantum.GlassViewEventHandler.handleMouseEvent(Lcom/sun/glass/ui/View;JIIIIIIIZZ)V+108
j  com.sun.glass.ui.View.handleMouseEvent(JIIIIIIIZZ)V+30
j  com.sun.glass.ui.View.notifyMouse(IIIIIIIZZ)V+181
v  ~StubRoutines::call_stub

---------------  P R O C E S S  ---------------

Java Threads: ( => current thread )
  0x00007ff9d19f5000 JavaThread "Prism Font Disposer" daemon [_thread_blocked, id=48675, stack(0x000000012b471000,0x000000012b571000)]
  0x00007ff9d1995000 JavaThread "JavaFX-Launcher" [_thread_blocked, id=47623, stack(0x000000012a764000,0x000000012a864000)]
  0x00007ff9d28e8000 JavaThread "Thread-3" daemon [_thread_in_native, id=35331, stack(0x000000012958a000,0x000000012960a000)]
=>0x00007ff9d1165000 JavaThread "JavaFX Application Thread" [_thread_in_native, id=1811, stack(0x00007fff521b2000,0x00007fff529b2000)]
  0x00007ff9d1166000 JavaThread "Thread-1" daemon [_thread_blocked, id=23071, stack(0x000000012717e000,0x000000012727e000)]
  0x00007ff9d115b800 JavaThread "QuantumRenderer-0" daemon [_thread_blocked, id=19203, stack(0x0000000126b6e000,0x0000000126c6e000)]
  0x00007ff9d1030000 JavaThread "Service Thread" daemon [_thread_blocked, id=18179, stack(0x00000001268a3000,0x00000001269a3000)]
  0x00007ff9d102c800 JavaThread "C1 CompilerThread2" daemon [_thread_blocked, id=17667, stack(0x00000001267a0000,0x00000001268a0000)]
  0x00007ff9d102c000 JavaThread "C2 CompilerThread1" daemon [_thread_blocked, id=17155, stack(0x000000012669d000,0x000000012679d000)]
  0x00007ff9d2834800 JavaThread "C2 CompilerThread0" daemon [_thread_blocked, id=16643, stack(0x000000012659a000,0x000000012669a000)]
  0x00007ff9d1034000 JavaThread "Signal Dispatcher" daemon [_thread_blocked, id=13335, stack(0x0000000126497000,0x0000000126597000)]
  0x00007ff9d1011000 JavaThread "Finalizer" daemon [_thread_blocked, id=11523, stack(0x0000000124b69000,0x0000000124c69000)]
  0x00007ff9d2833800 JavaThread "Reference Handler" daemon [_thread_blocked, id=11011, stack(0x0000000124a66000,0x0000000124b66000)]
  0x00007ff9d2805000 JavaThread "main" [_thread_blocked, id=4867, stack(0x000000010eb1d000,0x000000010ec1d000)]

Other Threads:
  0x00007ff9d2833000 VMThread [stack: 0x0000000124963000,0x0000000124a63000] [id=10499]
  0x00007ff9d2835000 WatcherThread [stack: 0x00000001269a6000,0x0000000126aa6000] [id=18691]

VM state:not at safepoint (normal execution)

VM Mutex/Monitor currently owned by a thread: None

Heap:
 PSYoungGen      total 38400K, used 9427K [0x0000000795580000, 0x0000000798000000, 0x00000007c0000000)
  eden space 33280K, 14% used [0x0000000795580000,0x0000000795a542d8,0x0000000797600000)
  from space 5120K, 87% used [0x0000000797600000,0x0000000797a60ad0,0x0000000797b00000)
  to   space 5120K, 0% used [0x0000000797b00000,0x0000000797b00000,0x0000000798000000)
 ParOldGen       total 87552K, used 80K [0x0000000740000000, 0x0000000745580000, 0x0000000795580000)
  object space 87552K, 0% used [0x0000000740000000,0x0000000740014010,0x0000000745580000)
 Metaspace       used 15117K, capacity 15698K, committed 16000K, reserved 1062912K
  class space    used 2184K, capacity 2305K, committed 2432K, reserved 1048576K

Card table byte_map: [0x000000011dfdf000,0x000000011e3e0000] byte_map_base: 0x000000011a5df000

Marking Bits: (ParMarkBitMap*) 0x000000010e49d390
 Begin Bits: [0x000000011ea97000, 0x0000000120a97000)
 End Bits:   [0x0000000120a97000, 0x0000000122a97000)

Polling page: 0x000000010d3a5000

CodeCache: size=245760Kb used=4764Kb max_used=4784Kb free=240995Kb
 bounds [0x000000010ec1f000, 0x000000010f0df000, 0x000000011dc1f000]
 total_blobs=2090 nmethods=1471 adapters=533
 compilation: enabled

Compilation events (10 events):
Event: 7.403 Thread 0x00007ff9d102c000 nmethod 1440 0x000000010f0c38d0 code [0x000000010f0c3a60, 0x000000010f0c3ed8]
Event: 7.403 Thread 0x00007ff9d102c000 1446       4       javafx.scene.shape.MoveTo::impl_addTo (51 bytes)
Event: 7.403 Thread 0x00007ff9d102c800 1468       3       com.sun.javafx.geom.RectBounds::intersectWith (86 bytes)
Event: 7.404 Thread 0x00007ff9d102c800 nmethod 1468 0x000000010f0c2810 code [0x000000010f0c29c0, 0x000000010f0c3058]
Event: 7.404 Thread 0x00007ff9d102c800 1469       3       com.sun.javafx.geom.RectBounds::getHeight (10 bytes)
Event: 7.404 Thread 0x00007ff9d102c800 nmethod 1469 0x000000010f0b2e90 code [0x000000010f0b2fe0, 0x000000010f0b3150]
Event: 7.404 Thread 0x00007ff9d102c800 1470       3       javafx.stage.Window::setXInternal (23 bytes)
Event: 7.405 Thread 0x00007ff9d102c800 nmethod 1470 0x000000010f0c1f50 code [0x000000010f0c2100, 0x000000010f0c25c8]
Event: 7.405 Thread 0x00007ff9d102c800 1471       3       javafx.stage.Window$TKBoundsConfigurator::setX (15 bytes)
Event: 7.405 Thread 0x00007ff9d102c800 nmethod 1471 0x000000010f0c1990 code [0x000000010f0c1b20, 0x000000010f0c1e18]

GC Heap History (2 events):
Event: 3.984 GC heap before
{Heap before GC invocations=1 (full 0):
 PSYoungGen      total 38400K, used 32484K [0x0000000795580000, 0x0000000798000000, 0x00000007c0000000)
  eden space 33280K, 97% used [0x0000000795580000,0x0000000797539050,0x0000000797600000)
  from space 5120K, 0% used [0x0000000797b00000,0x0000000797b00000,0x0000000798000000)
  to   space 5120K, 0% used [0x0000000797600000,0x0000000797600000,0x0000000797b00000)
 ParOldGen       total 87552K, used 0K [0x0000000740000000, 0x0000000745580000, 0x0000000795580000)
  object space 87552K, 0% used [0x0000000740000000,0x0000000740000000,0x0000000745580000)
 Metaspace       used 14411K, capacity 14962K, committed 15104K, reserved 1062912K
  class space    used 2085K, capacity 2209K, committed 2304K, reserved 1048576K
Event: 4.000 GC heap after
Heap after GC invocations=1 (full 0):
 PSYoungGen      total 38400K, used 4482K [0x0000000795580000, 0x0000000798000000, 0x00000007c0000000)
  eden space 33280K, 0% used [0x0000000795580000,0x0000000795580000,0x0000000797600000)
  from space 5120K, 87% used [0x0000000797600000,0x0000000797a60ad0,0x0000000797b00000)
  to   space 5120K, 0% used [0x0000000797b00000,0x0000000797b00000,0x0000000798000000)
 ParOldGen       total 87552K, used 80K [0x0000000740000000, 0x0000000745580000, 0x0000000795580000)
  object space 87552K, 0% used [0x0000000740000000,0x0000000740014010,0x0000000745580000)
 Metaspace       used 14411K, capacity 14962K, committed 15104K, reserved 1062912K
  class space    used 2085K, capacity 2209K, committed 2304K, reserved 1048576K
}

Deoptimization events (10 events):
Event: 2.243 Thread 0x00007ff9d1165000 Uncommon trap: reason=unreached action=reinterpret pc=0x000000010ee5bd50 method=java.util.HashMap.hash(Ljava/lang/Object;)I @ 1
Event: 2.537 Thread 0x00007ff9d1165000 Uncommon trap: reason=class_check action=maybe_recompile pc=0x000000010ee4ce50 method=java.io.DataInputStream.readShort()S @ 4
Event: 2.538 Thread 0x00007ff9d1165000 Uncommon trap: reason=class_check action=maybe_recompile pc=0x000000010ee4ce50 method=java.io.DataInputStream.readShort()S @ 4
Event: 2.541 Thread 0x00007ff9d1165000 Uncommon trap: reason=class_check action=maybe_recompile pc=0x000000010ee4ce50 method=java.io.DataInputStream.readShort()S @ 4
Event: 2.541 Thread 0x00007ff9d1165000 Uncommon trap: reason=class_check action=maybe_recompile pc=0x000000010ee4ce50 method=java.io.DataInputStream.readShort()S @ 4
Event: 2.572 Thread 0x00007ff9d1165000 Uncommon trap: reason=class_check action=maybe_recompile pc=0x000000010ed4b05c method=java.lang.String.equals(Ljava/lang/Object;)Z @ 8
Event: 2.572 Thread 0x00007ff9d1165000 Uncommon trap: reason=class_check action=maybe_recompile pc=0x000000010ed4b05c method=java.lang.String.equals(Ljava/lang/Object;)Z @ 8
Event: 2.572 Thread 0x00007ff9d1165000 Uncommon trap: reason=class_check action=maybe_recompile pc=0x000000010ed4b05c method=java.lang.String.equals(Ljava/lang/Object;)Z @ 8
Event: 2.580 Thread 0x00007ff9d1165000 Uncommon trap: reason=class_check action=maybe_recompile pc=0x000000010ed4b05c method=java.lang.String.equals(Ljava/lang/Object;)Z @ 8
Event: 3.172 Thread 0x00007ff9d1165000 Uncommon trap: reason=unloaded action=reinterpret pc=0x000000010ee3e358 method=java.lang.CharacterData.of(I)Ljava/lang/CharacterData; @ 96

Internal exceptions (10 events):
Event: 2.112 Thread 0x00007ff9d1165000 Exception <a 'java/security/PrivilegedActionException'> (0x000000079697fc78) thrown at [/HUDSON3/workspace/8-2-build-macosx-x86_64/jdk8u25/1514/hotspot/src/share/vm/prims/jvm.cpp, line 1312]
Event: 2.112 Thread 0x00007ff9d1165000 Exception <a 'java/security/PrivilegedActionException'> (0x0000000796980bd8) thrown at [/HUDSON3/workspace/8-2-build-macosx-x86_64/jdk8u25/1514/hotspot/src/share/vm/prims/jvm.cpp, line 1312]
Event: 2.116 Thread 0x00007ff9d1165000 Exception <a 'java/security/PrivilegedActionException'> (0x000000079699eec8) thrown at [/HUDSON3/workspace/8-2-build-macosx-x86_64/jdk8u25/1514/hotspot/src/share/vm/prims/jvm.cpp, line 1312]
Event: 2.117 Thread 0x00007ff9d1165000 Exception <a 'java/security/PrivilegedActionException'> (0x000000079699fec8) thrown at [/HUDSON3/workspace/8-2-build-macosx-x86_64/jdk8u25/1514/hotspot/src/share/vm/prims/jvm.cpp, line 1312]
Event: 2.243 Thread 0x00007ff9d1165000 Implicit null exception at 0x000000010ee5bb75 to 0x000000010ee5bd41
Event: 2.344 Thread 0x00007ff9d1165000 Exception <a 'java/security/PrivilegedActionException'> (0x0000000796be1fa0) thrown at [/HUDSON3/workspace/8-2-build-macosx-x86_64/jdk8u25/1514/hotspot/src/share/vm/prims/jvm.cpp, line 1312]
Event: 2.346 Thread 0x00007ff9d1165000 Exception <a 'java/security/PrivilegedActionException'> (0x0000000796bf85d8) thrown at [/HUDSON3/workspace/8-2-build-macosx-x86_64/jdk8u25/1514/hotspot/src/share/vm/prims/jvm.cpp, line 1312]
Event: 2.348 Thread 0x00007ff9d1165000 Exception <a 'java/security/PrivilegedActionException'> (0x0000000796c1a660) thrown at [/HUDSON3/workspace/8-2-build-macosx-x86_64/jdk8u25/1514/hotspot/src/share/vm/prims/jvm.cpp, line 1312]
Event: 3.412 Thread 0x00007ff9d1165000 Exception <a 'java/security/PrivilegedActionException'> (0x0000000797180c68) thrown at [/HUDSON3/workspace/8-2-build-macosx-x86_64/jdk8u25/1514/hotspot/src/share/vm/prims/jvm.cpp, line 1312]
Event: 3.412 Thread 0x00007ff9d1165000 Exception <a 'java/security/PrivilegedActionException'> (0x00000007971821c8) thrown at [/HUDSON3/workspace/8-2-build-macosx-x86_64/jdk8u25/1514/hotspot/src/share/vm/prims/jvm.cpp, line 1312]

Events (10 events):
Event: 7.361 loading class javafx/scene/shape/MoveTo$2
Event: 7.361 loading class javafx/scene/shape/MoveTo$2 done
Event: 7.361 loading class javafx/scene/shape/LineTo$1
Event: 7.361 loading class javafx/scene/shape/LineTo$1 done
Event: 7.361 loading class javafx/scene/shape/LineTo$2
Event: 7.361 loading class javafx/scene/shape/LineTo$2 done
Event: 7.361 loading class com/sun/javafx/WeakReferenceQueue$1
Event: 7.361 loading class com/sun/javafx/WeakReferenceQueue$1 done
Event: 7.362 loading class com/sun/javafx/scene/shape/PathUtils
Event: 7.362 loading class com/sun/javafx/scene/shape/PathUtils done


Dynamic libraries:
0x0000000005013000 	/System/Library/Frameworks/Cocoa.framework/Versions/A/Cocoa
0x0000000005013000 	/System/Library/Frameworks/Security.framework/Versions/A/Security
0x0000000005013000 	/System/Library/Frameworks/ApplicationServices.framework/Versions/A/ApplicationServices
0x0000000005013000 	/usr/lib/libz.1.dylib
0x0000000005013000 	/usr/lib/libSystem.B.dylib
0x0000000005013000 	/usr/lib/libobjc.A.dylib
0x0000000005013000 	/System/Library/Frameworks/CoreFoundation.framework/Versions/A/CoreFoundation
0x0000000005013000 	/System/Library/Frameworks/Foundation.framework/Versions/C/Foundation
0x0000000005013000 	/System/Library/Frameworks/AppKit.framework/Versions/C/AppKit
0x0000000005013000 	/System/Library/Frameworks/CoreData.framework/Versions/A/CoreData
0x0000000005013000 	/System/Library/PrivateFrameworks/RemoteViewServices.framework/Versions/A/RemoteViewServices
0x0000000005013000 	/System/Library/PrivateFrameworks/UIFoundation.framework/Versions/A/UIFoundation
0x0000000005013000 	/System/Library/Frameworks/IOSurface.framework/Versions/A/IOSurface
0x0000000005013000 	/System/Library/Frameworks/AudioToolbox.framework/Versions/A/AudioToolbox
0x0000000005013000 	/System/Library/Frameworks/AudioUnit.framework/Versions/A/AudioUnit
0x0000000005013000 	/System/Library/PrivateFrameworks/DataDetectorsCore.framework/Versions/A/DataDetectorsCore
0x0000000005013000 	/System/Library/PrivateFrameworks/DesktopServicesPriv.framework/Versions/A/DesktopServicesPriv
0x0000000005013000 	/System/Library/Frameworks/Carbon.framework/Versions/A/Frameworks/HIToolbox.framework/Versions/A/HIToolbox
0x0000000005013000 	/System/Library/Frameworks/QuartzCore.framework/Versions/A/QuartzCore
0x0000000005013000 	/System/Library/Frameworks/Carbon.framework/Versions/A/Frameworks/SpeechRecognition.framework/Versions/A/SpeechRecognition
0x0000000005013000 	/usr/lib/libauto.dylib
0x0000000005013000 	/usr/lib/libicucore.A.dylib
0x0000000005013000 	/usr/lib/libxml2.2.dylib
0x0000000005013000 	/System/Library/PrivateFrameworks/CoreUI.framework/Versions/A/CoreUI
0x0000000005013000 	/System/Library/Frameworks/CoreAudio.framework/Versions/A/CoreAudio
0x0000000005013000 	/System/Library/Frameworks/DiskArbitration.framework/Versions/A/DiskArbitration
0x0000000005013000 	/usr/lib/liblangid.dylib
0x0000000005013000 	/System/Library/PrivateFrameworks/MultitouchSupport.framework/Versions/A/MultitouchSupport
0x0000000005013000 	/System/Library/Frameworks/IOKit.framework/Versions/A/IOKit
0x0000000005013000 	/usr/lib/libDiagnosticMessagesClient.dylib
0x0000000005013000 	/System/Library/Frameworks/CoreServices.framework/Versions/A/CoreServices
0x0000000005013000 	/System/Library/PrivateFrameworks/PerformanceAnalysis.framework/Versions/A/PerformanceAnalysis
0x0000000005013000 	/System/Library/PrivateFrameworks/GenerationalStorage.framework/Versions/A/GenerationalStorage
0x0000000005013000 	/System/Library/Frameworks/OpenGL.framework/Versions/A/OpenGL
0x0000000005013000 	/System/Library/PrivateFrameworks/Sharing.framework/Versions/A/Sharing
0x0000000005013000 	/System/Library/Frameworks/CoreGraphics.framework/Versions/A/CoreGraphics
0x0000000005013000 	/System/Library/Frameworks/CoreText.framework/Versions/A/CoreText
0x0000000005013000 	/System/Library/Frameworks/ImageIO.framework/Versions/A/ImageIO
0x0000000005013000 	/usr/lib/libextension.dylib
0x0000000005013000 	/System/Library/PrivateFrameworks/Backup.framework/Versions/A/Backup
0x0000000005013000 	/usr/lib/libarchive.2.dylib
0x0000000005013000 	/System/Library/Frameworks/CFNetwork.framework/Versions/A/CFNetwork
0x0000000005013000 	/System/Library/Frameworks/SystemConfiguration.framework/Versions/A/SystemConfiguration
0x0000000005013000 	/usr/lib/libCRFSuite.dylib
0x0000000005013000 	/usr/lib/libc++.1.dylib
0x0000000005013000 	/usr/lib/libc++abi.dylib
0x0000000005013000 	/usr/lib/system/libcache.dylib
0x0000000005013000 	/usr/lib/system/libcommonCrypto.dylib
0x0000000005013000 	/usr/lib/system/libcompiler_rt.dylib
0x0000000005013000 	/usr/lib/system/libcopyfile.dylib
0x0000000005013000 	/usr/lib/system/libcorecrypto.dylib
0x0000000005013000 	/usr/lib/system/libdispatch.dylib
0x0000000005013000 	/usr/lib/system/libdyld.dylib
0x0000000005013000 	/usr/lib/system/libkeymgr.dylib
0x0000000005013000 	/usr/lib/system/liblaunch.dylib
0x0000000005013000 	/usr/lib/system/libmacho.dylib
0x0000000005013000 	/usr/lib/system/libquarantine.dylib
0x0000000005013000 	/usr/lib/system/libremovefile.dylib
0x0000000005013000 	/usr/lib/system/libsystem_asl.dylib
0x0000000005013000 	/usr/lib/system/libsystem_blocks.dylib
0x0000000005013000 	/usr/lib/system/libsystem_c.dylib
0x0000000005013000 	/usr/lib/system/libsystem_configuration.dylib
0x0000000005013000 	/usr/lib/system/libsystem_coreservices.dylib
0x0000000005013000 	/usr/lib/system/libsystem_coretls.dylib
0x0000000005013000 	/usr/lib/system/libsystem_dnssd.dylib
0x0000000005013000 	/usr/lib/system/libsystem_info.dylib
0x0000000005013000 	/usr/lib/system/libsystem_kernel.dylib
0x0000000005013000 	/usr/lib/system/libsystem_m.dylib
0x0000000005013000 	/usr/lib/system/libsystem_malloc.dylib
0x0000000005013000 	/usr/lib/system/libsystem_network.dylib
0x0000000005013000 	/usr/lib/system/libsystem_networkextension.dylib
0x0000000005013000 	/usr/lib/system/libsystem_notify.dylib
0x0000000005013000 	/usr/lib/system/libsystem_platform.dylib
0x0000000005013000 	/usr/lib/system/libsystem_pthread.dylib
0x0000000005013000 	/usr/lib/system/libsystem_sandbox.dylib
0x0000000005013000 	/usr/lib/system/libsystem_secinit.dylib
0x0000000005013000 	/usr/lib/system/libsystem_stats.dylib
0x0000000005013000 	/usr/lib/system/libsystem_trace.dylib
0x0000000005013000 	/usr/lib/system/libunc.dylib
0x0000000005013000 	/usr/lib/system/libunwind.dylib
0x0000000005013000 	/usr/lib/system/libxpc.dylib
0x0000000005013000 	/usr/lib/libbz2.1.0.dylib
0x0000000005013000 	/usr/lib/liblzma.5.dylib
0x0000000005013000 	/usr/lib/libbsm.0.dylib
0x0000000005013000 	/usr/lib/libsqlite3.dylib
0x0000000005013000 	/usr/lib/system/libkxld.dylib
0x0000000005013000 	/usr/lib/libxar.1.dylib
0x0000000005013000 	/usr/lib/libpam.2.dylib
0x0000000005013000 	/usr/lib/libOpenScriptingUtil.dylib
0x0000000005013000 	/System/Library/Frameworks/CoreServices.framework/Versions/A/Frameworks/FSEvents.framework/Versions/A/FSEvents
0x0000000005013000 	/System/Library/Frameworks/CoreServices.framework/Versions/A/Frameworks/CarbonCore.framework/Versions/A/CarbonCore
0x0000000005013000 	/System/Library/Frameworks/CoreServices.framework/Versions/A/Frameworks/Metadata.framework/Versions/A/Metadata
0x0000000005013000 	/System/Library/Frameworks/CoreServices.framework/Versions/A/Frameworks/OSServices.framework/Versions/A/OSServices
0x0000000005013000 	/System/Library/Frameworks/CoreServices.framework/Versions/A/Frameworks/SearchKit.framework/Versions/A/SearchKit
0x0000000005013000 	/System/Library/Frameworks/CoreServices.framework/Versions/A/Frameworks/AE.framework/Versions/A/AE
0x0000000005013000 	/System/Library/Frameworks/CoreServices.framework/Versions/A/Frameworks/LaunchServices.framework/Versions/A/LaunchServices
0x0000000005013000 	/System/Library/Frameworks/CoreServices.framework/Versions/A/Frameworks/DictionaryServices.framework/Versions/A/DictionaryServices
0x0000000005013000 	/System/Library/Frameworks/NetFS.framework/Versions/A/NetFS
0x0000000005013000 	/System/Library/PrivateFrameworks/NetAuth.framework/Versions/A/NetAuth
0x0000000005013000 	/System/Library/PrivateFrameworks/login.framework/Versions/A/Frameworks/loginsupport.framework/Versions/A/loginsupport
0x0000000005013000 	/System/Library/PrivateFrameworks/TCC.framework/Versions/A/TCC
0x0000000005013000 	/usr/lib/libmecabra.dylib
0x0000000005013000 	/System/Library/PrivateFrameworks/LanguageModeling.framework/Versions/A/LanguageModeling
0x0000000005013000 	/usr/lib/libcmph.dylib
0x0000000005013000 	/usr/lib/libiconv.2.dylib
0x0000000005013000 	/System/Library/Frameworks/OpenDirectory.framework/Versions/A/Frameworks/CFOpenDirectory.framework/Versions/A/CFOpenDirectory
0x0000000005013000 	/System/Library/Frameworks/ServiceManagement.framework/Versions/A/ServiceManagement
0x0000000005013000 	/usr/lib/libxslt.1.dylib
0x0000000005013000 	/System/Library/Frameworks/Carbon.framework/Versions/A/Frameworks/Ink.framework/Versions/A/Ink
0x0000000005013000 	/System/Library/Frameworks/ApplicationServices.framework/Versions/A/Frameworks/ATS.framework/Versions/A/ATS
0x0000000005013000 	/System/Library/Frameworks/ApplicationServices.framework/Versions/A/Frameworks/ColorSync.framework/Versions/A/ColorSync
0x0000000005013000 	/System/Library/Frameworks/ApplicationServices.framework/Versions/A/Frameworks/HIServices.framework/Versions/A/HIServices
0x0000000005013000 	/System/Library/Frameworks/ApplicationServices.framework/Versions/A/Frameworks/LangAnalysis.framework/Versions/A/LangAnalysis
0x0000000005013000 	/System/Library/Frameworks/ApplicationServices.framework/Versions/A/Frameworks/PrintCore.framework/Versions/A/PrintCore
0x0000000005013000 	/System/Library/Frameworks/ApplicationServices.framework/Versions/A/Frameworks/QD.framework/Versions/A/QD
0x0000000005013000 	/System/Library/Frameworks/ApplicationServices.framework/Versions/A/Frameworks/SpeechSynthesis.framework/Versions/A/SpeechSynthesis
0x0000000005013000 	/System/Library/Frameworks/Accelerate.framework/Versions/A/Accelerate
0x0000000005013000 	/System/Library/Frameworks/Accelerate.framework/Versions/A/Frameworks/vImage.framework/Versions/A/vImage
0x0000000005013000 	/System/Library/Frameworks/Accelerate.framework/Versions/A/Frameworks/vecLib.framework/Versions/A/vecLib
0x0000000005013000 	/System/Library/Frameworks/Accelerate.framework/Versions/A/Frameworks/vecLib.framework/Versions/A/libvDSP.dylib
0x0000000005013000 	/System/Library/Frameworks/Accelerate.framework/Versions/A/Frameworks/vecLib.framework/Versions/A/libvMisc.dylib
0x0000000005013000 	/System/Library/Frameworks/Accelerate.framework/Versions/A/Frameworks/vecLib.framework/Versions/A/libLAPACK.dylib
0x0000000005013000 	/System/Library/Frameworks/Accelerate.framework/Versions/A/Frameworks/vecLib.framework/Versions/A/libBLAS.dylib
0x0000000005013000 	/System/Library/Frameworks/Accelerate.framework/Versions/A/Frameworks/vecLib.framework/Versions/A/libLinearAlgebra.dylib
0x0000000005013000 	/System/Library/Frameworks/ApplicationServices.framework/Versions/A/Frameworks/ATS.framework/Versions/A/Resources/libFontParser.dylib
0x0000000005013000 	/System/Library/Frameworks/ApplicationServices.framework/Versions/A/Frameworks/ATS.framework/Versions/A/Resources/libFontRegistry.dylib
0x0000000005013000 	/System/Library/PrivateFrameworks/AppleVPA.framework/Versions/A/AppleVPA
0x0000000005013000 	/System/Library/PrivateFrameworks/AppleJPEG.framework/Versions/A/AppleJPEG
0x0000000005013000 	/System/Library/Frameworks/ImageIO.framework/Versions/A/Resources/libJPEG.dylib
0x0000000005013000 	/System/Library/Frameworks/ImageIO.framework/Versions/A/Resources/libTIFF.dylib
0x0000000005013000 	/System/Library/Frameworks/ImageIO.framework/Versions/A/Resources/libPng.dylib
0x0000000005013000 	/System/Library/Frameworks/ImageIO.framework/Versions/A/Resources/libGIF.dylib
0x0000000005013000 	/System/Library/Frameworks/ImageIO.framework/Versions/A/Resources/libJP2.dylib
0x0000000005013000 	/System/Library/Frameworks/ImageIO.framework/Versions/A/Resources/libRadiance.dylib
0x0000000005013000 	/System/Library/Frameworks/CoreVideo.framework/Versions/A/CoreVideo
0x0000000005013000 	/System/Library/Frameworks/OpenGL.framework/Versions/A/Libraries/libGLU.dylib
0x0000000005013000 	/System/Library/Frameworks/OpenGL.framework/Versions/A/Libraries/libGFXShared.dylib
0x0000000005013000 	/System/Library/Frameworks/OpenGL.framework/Versions/A/Libraries/libGL.dylib
0x0000000005013000 	/System/Library/Frameworks/OpenGL.framework/Versions/A/Libraries/libGLImage.dylib
0x0000000005013000 	/System/Library/Frameworks/OpenGL.framework/Versions/A/Libraries/libCVMSPluginSupport.dylib
0x0000000005013000 	/System/Library/Frameworks/OpenGL.framework/Versions/A/Libraries/libCoreVMClient.dylib
0x0000000005013000 	/usr/lib/libcups.2.dylib
0x0000000005013000 	/System/Library/Frameworks/Kerberos.framework/Versions/A/Kerberos
0x0000000005013000 	/System/Library/Frameworks/GSS.framework/Versions/A/GSS
0x0000000005013000 	/usr/lib/libresolv.9.dylib
0x0000000005013000 	/System/Library/PrivateFrameworks/Heimdal.framework/Versions/A/Heimdal
0x0000000005013000 	/usr/lib/libheimdal-asn1.dylib
0x0000000005013000 	/System/Library/Frameworks/OpenDirectory.framework/Versions/A/OpenDirectory
0x0000000005013000 	/System/Library/PrivateFrameworks/CommonAuth.framework/Versions/A/CommonAuth
0x0000000005013000 	/System/Library/Frameworks/SecurityFoundation.framework/Versions/A/SecurityFoundation
0x0000000005013000 	/System/Library/Frameworks/QuartzCore.framework/Versions/A/Frameworks/CoreImage.framework/Versions/A/CoreImage
0x0000000005013000 	/System/Library/PrivateFrameworks/CrashReporterSupport.framework/Versions/A/CrashReporterSupport
0x0000000005013000 	/System/Library/Frameworks/OpenCL.framework/Versions/A/OpenCL
0x0000000005013000 	/System/Library/PrivateFrameworks/FaceCore.framework/Versions/A/FaceCore
0x0000000005013000 	/System/Library/PrivateFrameworks/Ubiquity.framework/Versions/A/Ubiquity
0x0000000005013000 	/System/Library/PrivateFrameworks/IconServices.framework/Versions/A/IconServices
0x0000000005013000 	/System/Library/PrivateFrameworks/ChunkingLibrary.framework/Versions/A/ChunkingLibrary
0x0000000005013000 	/System/Library/PrivateFrameworks/Apple80211.framework/Versions/A/Apple80211
0x0000000005013000 	/System/Library/Frameworks/CoreWLAN.framework/Versions/A/CoreWLAN
0x0000000005013000 	/System/Library/Frameworks/IOBluetooth.framework/Versions/A/IOBluetooth
0x0000000005013000 	/System/Library/PrivateFrameworks/CoreWiFi.framework/Versions/A/CoreWiFi
0x0000000005013000 	/System/Library/Frameworks/CoreBluetooth.framework/Versions/A/CoreBluetooth
0x0000000005013000 	/System/Library/PrivateFrameworks/DebugSymbols.framework/Versions/A/DebugSymbols
0x0000000005013000 	/System/Library/PrivateFrameworks/CoreSymbolication.framework/Versions/A/CoreSymbolication
0x0000000005013000 	/System/Library/PrivateFrameworks/Symbolication.framework/Versions/A/Symbolication
0x0000000005013000 	/System/Library/PrivateFrameworks/SpeechRecognitionCore.framework/Versions/A/SpeechRecognitionCore
0x000000010dc00000 	/Library/Java/JavaVirtualMachines/jdk1.8.0_25.jdk/Contents/Home/jre/lib/server/libjvm.dylib
0x0000000005013000 	/usr/lib/libstdc++.6.dylib
0x000000010d363000 	/Library/Java/JavaVirtualMachines/jdk1.8.0_25.jdk/Contents/Home/jre/lib/libverify.dylib
0x000000010d371000 	/Library/Java/JavaVirtualMachines/jdk1.8.0_25.jdk/Contents/Home/jre/lib/libjava.dylib
0x000000010d3af000 	/Library/Java/JavaVirtualMachines/jdk1.8.0_25.jdk/Contents/Home/jre/lib/libzip.dylib
0x000000010d3e1000 	/System/Library/Frameworks/JavaVM.framework/Frameworks/JavaRuntimeSupport.framework/JavaRuntimeSupport
0x0000000124c6b000 	/System/Library/Frameworks/JavaVM.framework/Versions/A/Frameworks/JavaNativeFoundation.framework/Versions/A/JavaNativeFoundation
0x0000000124c80000 	/System/Library/Frameworks/JavaVM.framework/Versions/A/JavaVM
0x0000000005013000 	/System/Library/Frameworks/Carbon.framework/Versions/A/Carbon
0x0000000124c8d000 	/System/Library/PrivateFrameworks/JavaLaunching.framework/Versions/A/JavaLaunching
0x0000000005013000 	/System/Library/Frameworks/Carbon.framework/Versions/A/Frameworks/CommonPanels.framework/Versions/A/CommonPanels
0x0000000005013000 	/System/Library/Frameworks/Carbon.framework/Versions/A/Frameworks/Help.framework/Versions/A/Help
0x0000000005013000 	/System/Library/Frameworks/Carbon.framework/Versions/A/Frameworks/ImageCapture.framework/Versions/A/ImageCapture
0x0000000005013000 	/System/Library/Frameworks/Carbon.framework/Versions/A/Frameworks/OpenScripting.framework/Versions/A/OpenScripting
0x0000000005013000 	/System/Library/Frameworks/Carbon.framework/Versions/A/Frameworks/Print.framework/Versions/A/Print
0x0000000005013000 	/System/Library/Frameworks/Carbon.framework/Versions/A/Frameworks/SecurityHI.framework/Versions/A/SecurityHI
0x0000000126c70000 	/Library/Java/JavaVirtualMachines/jdk1.8.0_25.jdk/Contents/Home/jre/lib/libprism_es2.dylib
0x0000000005013000 	/System/Library/Frameworks/OpenGL.framework/Versions/A/Resources/GLEngine.bundle/GLEngine
0x0000000005013000 	/System/Library/Frameworks/OpenGL.framework/Versions/A/Libraries/libGLProgrammability.dylib
0x0000000000000000 	/System/Library/Extensions/AppleIntelHD5000GraphicsGLDriver.bundle/Contents/MacOS/AppleIntelHD5000GraphicsGLDriver
0x0000000005013000 	/System/Library/PrivateFrameworks/IOAccelerator.framework/Versions/A/IOAccelerator
0x0000000005013000 	/System/Library/PrivateFrameworks/GPUSupport.framework/Versions/A/Libraries/libGPUSupportMercury.dylib
0x0000000005013000 	/System/Library/Frameworks/OpenGL.framework/Versions/A/Resources/GLRendererFloat.bundle/GLRendererFloat
0x0000000005013000 	/System/Library/Frameworks/OpenCL.framework/Versions/A/Libraries/libcldcpuengine.dylib
0x0000000005013000 	/System/Library/PrivateFrameworks/DiskImages.framework/Versions/A/DiskImages
0x0000000005013000 	/System/Library/Frameworks/DiscRecording.framework/Versions/A/DiscRecording
0x0000000005013000 	/usr/lib/libcsfde.dylib
0x0000000005013000 	/usr/lib/libcurl.4.dylib
0x0000000005013000 	/System/Library/PrivateFrameworks/MediaKit.framework/Versions/A/MediaKit
0x0000000005013000 	/System/Library/PrivateFrameworks/ProtectedCloudStorage.framework/Versions/A/ProtectedCloudStorage
0x0000000005013000 	/usr/lib/libCoreStorage.dylib
0x0000000005013000 	/System/Library/PrivateFrameworks/EFILogin.framework/Versions/A/EFILogin
0x0000000005013000 	/usr/lib/libutil.dylib
0x0000000005013000 	/System/Library/PrivateFrameworks/FindMyDevice.framework/Versions/A/FindMyDevice
0x0000000005013000 	/System/Library/Frameworks/LDAP.framework/Versions/A/LDAP
0x0000000005013000 	/usr/lib/libsasl2.2.dylib
0x0000000005013000 	/System/Library/PrivateFrameworks/CoreDaemon.framework/Versions/B/CoreDaemon
0x0000000005013000 	/usr/lib/libcrypto.0.9.8.dylib
0x0000000005013000 	/System/Library/PrivateFrameworks/AppleSRP.framework/Versions/A/AppleSRP
0x0000000005013000 	/System/Library/PrivateFrameworks/TrustEvaluationAgent.framework/Versions/A/TrustEvaluationAgent
0x000000012711d000 	/Library/Java/JavaVirtualMachines/jdk1.8.0_25.jdk/Contents/Home/jre/lib/libglass.dylib
0x0000000005013000 	/System/Library/PrivateFrameworks/CoreServicesInternal.framework/Versions/A/CoreServicesInternal
0x0000000005013000 	/System/Library/PrivateFrameworks/CloudDocs.framework/Versions/A/CloudDocs
0x0000000005013000 	/System/Library/PrivateFrameworks/CoreDuet.framework/Versions/A/CoreDuet
0x0000000005013000 	/System/Library/Frameworks/CloudKit.framework/Versions/A/CloudKit
0x0000000005013000 	/System/Library/PrivateFrameworks/ProtocolBuffer.framework/Versions/A/ProtocolBuffer
0x0000000005013000 	/System/Library/PrivateFrameworks/CoreDuetDaemonProtocol.framework/Versions/A/CoreDuetDaemonProtocol
0x0000000005013000 	/System/Library/PrivateFrameworks/CoreDuetDebugLogging.framework/Versions/A/CoreDuetDebugLogging
0x0000000005013000 	/System/Library/Frameworks/CoreLocation.framework/Versions/A/CoreLocation
0x0000000005013000 	/System/Library/Frameworks/Accounts.framework/Versions/A/Accounts
0x0000000005013000 	/System/Library/PrivateFrameworks/ApplePushService.framework/Versions/A/ApplePushService
0x0000000005013000 	/System/Library/PrivateFrameworks/GeoServices.framework/Versions/A/GeoServices
0x0000000005013000 	/System/Library/PrivateFrameworks/OAuth.framework/Versions/A/OAuth
0x0000000005013000 	/System/Library/Frameworks/CoreGraphics.framework/Versions/A/Resources/libCGCMS.A.dylib
0x0000000005013000 	/System/Library/CoreServices/RawCamera.bundle/Contents/MacOS/RawCamera
0x0000000005013000 	/System/Library/Frameworks/CoreGraphics.framework/Versions/A/Resources/libRIP.A.dylib
0x0000000005013000 	/System/Library/PrivateFrameworks/FamilyControls.framework/Versions/A/FamilyControls
0x0000000005013000 	/System/Library/PrivateFrameworks/CommerceKit.framework/Versions/A/Frameworks/CommerceCore.framework/Versions/A/CommerceCore
0x0000000005013000 	/System/Library/PrivateFrameworks/SystemAdministration.framework/Versions/A/SystemAdministration
0x0000000005013000 	/System/Library/PrivateFrameworks/AppContainer.framework/Versions/A/AppContainer
0x0000000005013000 	/System/Library/PrivateFrameworks/SecCodeWrapper.framework/Versions/A/SecCodeWrapper
0x0000000005013000 	/System/Library/Frameworks/DirectoryService.framework/Versions/A/DirectoryService
0x0000000005013000 	/System/Library/PrivateFrameworks/LoginUIKit.framework/Versions/A/Frameworks/LoginUICore.framework/Versions/A/LoginUICore
0x0000000005013000 	/usr/lib/libodfde.dylib
0x000000012ab1f000 	/Library/Java/JavaVirtualMachines/jdk1.8.0_25.jdk/Contents/Home/jre/lib/libjavafx_font.dylib
0x0000000005013000 	/System/Library/Frameworks/CoreGraphics.framework/Versions/A/Resources/libCGXType.A.dylib
0x000000012d1ca000 	cl_kernels
0x000000012dc07000 	/System/Library/Frameworks/OpenCL.framework/Versions/A/Libraries/ImageFormats/unorm8_bgra.dylib
0x000000012d1ba000 	cl_kernels
0x000000012de7b000 	/Library/Java/JavaVirtualMachines/jdk1.8.0_25.jdk/Contents/Home/jre/lib/libprism_common.dylib

VM Arguments:
jvm_args: -Dfile.encoding=UTF-8 
java_command: edu.cmu.cs464.zkieda.bones.test.Main
java_class_path (initial): /Users/zkieda/NetBeansProjects/Bones/build/classes
Launcher Type: SUN_STANDARD

Environment Variables:
PATH=/usr/bin:/bin:/usr/sbin:/sbin
LD_LIBRARY_PATH=/Library/Java/JavaVirtualMachines/jdk1.8.0_25.jdk/Contents/Home/jre/lib/amd64:/Library/Java/JavaVirtualMachines/jdk1.8.0_25.jdk/Contents/Home/jre/lib/i386:
SHELL=/bin/bash
DYLD_LIBRARY_PATH=/Applications/NetBeans/NetBeans 8.0.2.app/Contents/Resources/NetBeans/webcommon/bin:

Signal Handlers:
SIGSEGV: [libjvm.dylib+0x579dc7], sa_mask[0]=11111111011111110111111111111111, sa_flags=SA_ONSTACK|SA_RESTART|SA_SIGINFO
SIGBUS: [libjvm.dylib+0x579dc7], sa_mask[0]=11111111011111110111111111111111, sa_flags=SA_RESTART|SA_SIGINFO
SIGFPE: [libjvm.dylib+0x45b030], sa_mask[0]=11111111011111110111111111111111, sa_flags=SA_RESTART|SA_SIGINFO
SIGPIPE: [libjvm.dylib+0x45b030], sa_mask[0]=11111111011111110111111111111111, sa_flags=SA_RESTART|SA_SIGINFO
SIGXFSZ: [libjvm.dylib+0x45b030], sa_mask[0]=11111111011111110111111111111111, sa_flags=SA_RESTART|SA_SIGINFO
SIGILL: [libjvm.dylib+0x45b030], sa_mask[0]=11111111011111110111111111111111, sa_flags=SA_RESTART|SA_SIGINFO
SIGUSR1: SIG_DFL, sa_mask[0]=00000000000000000000000000000000, sa_flags=none
SIGUSR2: [libjvm.dylib+0x45ab4e], sa_mask[0]=00100000000000000000000000000000, sa_flags=SA_RESTART|SA_SIGINFO
SIGHUP: [libjvm.dylib+0x459121], sa_mask[0]=11111111011111110111111111111111, sa_flags=SA_RESTART|SA_SIGINFO
SIGINT: SIG_IGN, sa_mask[0]=00000000000000000000000000000000, sa_flags=none
SIGTERM: [libjvm.dylib+0x459121], sa_mask[0]=11111111011111110111111111111111, sa_flags=SA_RESTART|SA_SIGINFO
SIGQUIT: [libjvm.dylib+0x459121], sa_mask[0]=11111111011111110111111111111111, sa_flags=SA_RESTART|SA_SIGINFO


---------------  S Y S T E M  ---------------

OS:Bsduname:Darwin 14.0.0 Darwin Kernel Version 14.0.0: Fri Sep 19 00:26:44 PDT 2014; root:xnu-2782.1.97~2/RELEASE_X86_64 x86_64
rlimit: STACK 8192k, CORE 0k, NPROC 709, NOFILE 10240, AS infinity
load average:1.87 1.70 1.60

CPU:total 4 (2 cores per cpu, 2 threads per core) family 6 model 69 stepping 1, cmov, cx8, fxsr, mmx, sse, sse2, sse3, ssse3, sse4.1, sse4.2, popcnt, avx, avx2, aes, clmul, erms, lzcnt, ht, tsc, tscinvbit, bmi1, bmi2

Memory: 4k page, physical 8388608k(17676k free)

/proc/meminfo:


vm_info: Java HotSpot(TM) 64-Bit Server VM (25.25-b02) for bsd-amd64 JRE (1.8.0_25-b17), built on Sep 17 2014 16:56:50 by "java_re" with gcc 4.2.1 (Based on Apple Inc. build 5658) (LLVM build 2336.11.00)

time: Tue Feb 10 03:26:56 2015
elapsed time: 7 seconds (0d 0h 0m 7s)

